# JRE version: OpenJDK Runtime Environment (11.0+28) (build 11+28)
# Java VM: OpenJDK 64-Bit Server VM (11+28, mixed mode, tiered, compressed oops, g1 gc, linux-amd64)
Heap:
 garbage-first heap   total 1527808K, used 123691K [0x0000000412c00000, 0x0000000800000000)
  region size 4096K, 29 young (118784K), 9 survivors (36864K)
 Metaspace       used 100385K, capacity 102769K, committed 103040K, reserved 1140736K
  class space    used 11637K, capacity 12550K, committed 12672K, reserved 1048576K
GC Heap History (10 events):
Event: 3.291 GC heap before
{Heap before GC invocations=7 (full 0):
 garbage-first heap   total 1032192K, used 238439K [0x0000000412c00000, 0x0000000800000000)
  region size 4096K, 57 young (233472K), 2 survivors (8192K)
 Metaspace       used 34692K, capacity 35708K, committed 35840K, reserved 1081344K
  class space    used 3666K, capacity 4079K, committed 4096K, reserved 1048576K
}
Event: 3.302 GC heap after
{Heap after GC invocations=8 (full 0):
 garbage-first heap   total 1241088K, used 18673K [0x0000000412c00000, 0x0000000800000000)
  region size 4096K, 3 young (12288K), 3 survivors (12288K)
 Metaspace       used 34692K, capacity 35708K, committed 35840K, reserved 1081344K
  class space    used 3666K, capacity 4079K, committed 4096K, reserved 1048576K
}
Event: 3.872 GC heap before
{Heap before GC invocations=9 (full 0):
 garbage-first heap   total 1241088K, used 313585K [0x0000000412c00000, 0x0000000800000000)
  region size 4096K, 76 young (311296K), 3 survivors (12288K)
 Metaspace       used 42823K, capacity 43954K, committed 44288K, reserved 1089536K
  class space    used 4619K, capacity 5060K, committed 5120K, reserved 1048576K
}
Event: 3.880 GC heap after
{Heap after GC invocations=10 (full 0):
 garbage-first heap   total 1241088K, used 39268K [0x0000000412c00000, 0x0000000800000000)
  region size 4096K, 8 young (32768K), 8 survivors (32768K)
 Metaspace       used 42823K, capacity 43954K, committed 44288K, reserved 1089536K
  class space    used 4619K, capacity 5060K, committed 5120K, reserved 1048576K
}
Event: 6.211 GC heap before
{Heap before GC invocations=10 (full 0):
 garbage-first heap   total 1241088K, used 473444K [0x0000000412c00000, 0x0000000800000000)
  region size 4096K, 115 young (471040K), 8 survivors (32768K)
 Metaspace       used 58447K, capacity 59979K, committed 60160K, reserved 1101824K
  class space    used 6547K, capacity 7168K, committed 7168K, reserved 1048576K
}
Event: 6.244 GC heap after
{Heap after GC invocations=11 (full 0):
 garbage-first heap   total 1241088K, used 30484K [0x0000000412c00000, 0x0000000800000000)
  region size 4096K, 5 young (20480K), 5 survivors (20480K)
 Metaspace       used 58447K, capacity 59979K, committed 60160K, reserved 1101824K
  class space    used 6547K, capacity 7168K, committed 7168K, reserved 1048576K
}
Event: 8.349 GC heap before
{Heap before GC invocations=12 (full 0):
 garbage-first heap   total 1241088K, used 747284K [0x0000000412c00000, 0x0000000800000000)
  region size 4096K, 181 young (741376K), 5 survivors (20480K)
 Metaspace       used 87131K, capacity 89214K, committed 89472K, reserved 1128448K
  class space    used 10077K, capacity 10866K, committed 10880K, reserved 1048576K
}
Event: 8.366 GC heap after
{Heap after GC invocations=13 (full 0):
 garbage-first heap   total 1241088K, used 40615K [0x0000000412c00000, 0x0000000800000000)
  region size 4096K, 8 young (32768K), 8 survivors (32768K)
 Metaspace       used 87131K, capacity 89214K, committed 89472K, reserved 1128448K
  class space    used 10077K, capacity 10866K, committed 10880K, reserved 1048576K
}
Event: 9.700 GC heap before
{Heap before GC invocations=13 (full 0):
 garbage-first heap   total 1241088K, used 302759K [0x0000000412c00000, 0x0000000800000000)
  region size 4096K, 73 young (299008K), 8 survivors (32768K)
 Metaspace       used 97943K, capacity 100276K, committed 100480K, reserved 1138688K
  class space    used 11298K, capacity 12193K, committed 12288K, reserved 1048576K
}
Event: 9.734 GC heap after
{Heap after GC invocations=14 (full 0):
 garbage-first heap   total 1527808K, used 45867K [0x0000000412c00000, 0x0000000800000000)
  region size 4096K, 9 young (36864K), 9 survivors (36864K)
 Metaspace       used 97943K, capacity 100276K, committed 100480K, reserved 1138688K
  class space    used 11298K, capacity 12193K, committed 12288K, reserved 1048576K
}

